0 info it worked if it ends with ok
1 verbose cli [ '/Users/drwizzard/.node/bin/node',
1 verbose cli   '/Users/drwizzard/.node/bin/npm',
1 verbose cli   'install',
1 verbose cli   'sequlize',
1 verbose cli   '--save' ]
2 info using npm@1.4.28
3 info using node@v0.10.35
4 warn package.json 5-single-resource-rest-api@1.0.0 No description
5 warn package.json 5-single-resource-rest-api@1.0.0 No README data
6 verbose readDependencies using package.json deps
7 verbose cache add [ 'sequlize', null ]
8 verbose cache add name=undefined spec="sequlize" args=["sequlize",null]
9 verbose parsed url { protocol: null,
9 verbose parsed url   slashes: null,
9 verbose parsed url   auth: null,
9 verbose parsed url   host: null,
9 verbose parsed url   port: null,
9 verbose parsed url   hostname: null,
9 verbose parsed url   hash: null,
9 verbose parsed url   search: null,
9 verbose parsed url   query: null,
9 verbose parsed url   pathname: 'sequlize',
9 verbose parsed url   path: 'sequlize',
9 verbose parsed url   href: 'sequlize' }
10 silly lockFile 3ab6beaa-sequlize sequlize
11 verbose lock sequlize /Users/drwizzard/.npm/3ab6beaa-sequlize.lock
12 silly lockFile 3ab6beaa-sequlize sequlize
13 silly lockFile 3ab6beaa-sequlize sequlize
14 verbose addNamed [ 'sequlize', '' ]
15 verbose addNamed [ null, '*' ]
16 silly lockFile 18f6a3a9-sequlize sequlize@
17 verbose lock sequlize@ /Users/drwizzard/.npm/18f6a3a9-sequlize.lock
18 silly addNameRange { name: 'sequlize', range: '*', hasData: false }
19 verbose request where is /sequlize
20 verbose request registry https://registry.npmjs.org/
21 verbose request id 331b052a1aa27c23
22 verbose url raw /sequlize
23 verbose url resolving [ 'https://registry.npmjs.org/', './sequlize' ]
24 verbose url resolved https://registry.npmjs.org/sequlize
25 verbose request where is https://registry.npmjs.org/sequlize
26 info trying registry request attempt 1 at 14:39:51
27 http GET https://registry.npmjs.org/sequlize
28 http 404 https://registry.npmjs.org/sequlize
29 verbose headers { server: 'CouchDB/1.5.0 (Erlang OTP/R16B03)',
29 verbose headers   'content-type': 'application/json',
29 verbose headers   'cache-control': 'max-age=0',
29 verbose headers   'content-length': '51',
29 verbose headers   'accept-ranges': 'bytes',
29 verbose headers   date: 'Thu, 14 May 2015 21:39:52 GMT',
29 verbose headers   via: '1.1 varnish',
29 verbose headers   age: '0',
29 verbose headers   connection: 'keep-alive',
29 verbose headers   'x-served-by': 'cache-sjc3123-SJC',
29 verbose headers   'x-cache': 'MISS',
29 verbose headers   'x-cache-hits': '0',
29 verbose headers   'x-timer': 'S1431639592.071995,VS0,VE40' }
30 silly registry.get cb [ 404,
30 silly registry.get   { server: 'CouchDB/1.5.0 (Erlang OTP/R16B03)',
30 silly registry.get     'content-type': 'application/json',
30 silly registry.get     'cache-control': 'max-age=0',
30 silly registry.get     'content-length': '51',
30 silly registry.get     'accept-ranges': 'bytes',
30 silly registry.get     date: 'Thu, 14 May 2015 21:39:52 GMT',
30 silly registry.get     via: '1.1 varnish',
30 silly registry.get     age: '0',
30 silly registry.get     connection: 'keep-alive',
30 silly registry.get     'x-served-by': 'cache-sjc3123-SJC',
30 silly registry.get     'x-cache': 'MISS',
30 silly registry.get     'x-cache-hits': '0',
30 silly registry.get     'x-timer': 'S1431639592.071995,VS0,VE40' } ]
31 silly lockFile 18f6a3a9-sequlize sequlize@
32 silly lockFile 18f6a3a9-sequlize sequlize@
33 error 404 404 Not Found: sequlize
33 error 404
33 error 404 'sequlize' is not in the npm registry.
33 error 404 You should bug the author to publish it
33 error 404 It was specified as a dependency of '5-single-resource-rest-api'
33 error 404
33 error 404 Note that you can also install from a
33 error 404 tarball, folder, or http url, or git url.
34 error System Darwin 14.1.0
35 error command "/Users/drwizzard/.node/bin/node" "/Users/drwizzard/.node/bin/npm" "install" "sequlize" "--save"
36 error cwd /Users/drwizzard/Documents/gitz/codefellows/js/hw/5-single-resource-rest-api
37 error node -v v0.10.35
38 error npm -v 1.4.28
39 error code E404
40 verbose exit [ 1, true ]
